Experimental variogram
6
Variogram Index
Lag Distance
Number of Pairs
Variogram Value
Inferred Azimuth
Inferred Dip
1         14.1073      1474        0.5360      -19.0950        0.0000
1         25.5864      3006        0.6862      -19.0950        0.0000
1         40.1725      2406        0.7356      -19.0950        0.0000
1         53.4672      2278        0.8996      -19.0950        0.0000
1         67.0118      2510        0.8712      -19.0950        0.0000
1         81.1001      2088        0.7764      -19.0950        0.0000
1         94.1424      1740        0.8589      -19.0950        0.0000
1        107.9662      1584        0.8582      -19.0950        0.0000
1        122.2182      1464        0.8542      -19.0950        0.0000
1        135.1351      1204        0.9822      -19.0950        0.0000
1        148.5830      1254        0.8770      -19.0950        0.0000
1        162.2350       910        0.8751      -19.0950        0.0000
1        175.2367       662        0.9619      -19.0950        0.0000
2          3.4053       104        0.5418       70.9050        0.0000
2          8.8864       640        0.6449       70.9050        0.0000
2         16.4417      1684        0.8229       70.9050        0.0000
2         25.0596       882        1.0696       70.9050        0.0000
2         34.0456       702        1.2064       70.9050        0.0000
2         43.1650       896        1.2077       70.9050        0.0000
2         51.4838       660        1.2277       70.9050        0.0000
2         61.3274       566        0.8816       70.9050        0.0000
2         69.1038       486        1.0642       70.9050        0.0000
2         77.7646       624        1.0037       70.9050        0.0000
2         85.7039       452        0.9690       70.9050        0.0000
2         95.2397       396        1.0835       70.9050        0.0000
2        104.5338       556        1.0703       70.9050        0.0000
2        112.2877       514        1.0396       70.9050        0.0000
2        121.5370       344        1.0567       70.9050        0.0000
2        129.4809       482        0.9947       70.9050        0.0000
2        138.3213       424        1.2162       70.9050        0.0000
2        146.5167       356        1.0599       70.9050        0.0000
2        156.2662       280        1.1745       70.9050        0.0000
2        164.8819       368        1.1196       70.9050        0.0000
