Experimental variogram
6
Variogram Index
Lag Distance
Number of Pairs
Variogram Value
Inferred Azimuth
Inferred Dip
1       3154.2989        42        0.1329       37.4452        0.0000
1       9169.9708       710        0.1430       37.4452        0.0000
1      16397.6552      1500        0.2299       37.4452        0.0000
1      25325.7370      1340        0.2530       37.4452        0.0000
1      34237.3742      1242        0.2695       37.4452        0.0000
1      42920.7420      1108        0.2776       37.4452        0.0000
1      51591.2971      1034        0.3180       37.4452        0.0000
1      60278.3372      1020        0.3528       37.4452        0.0000
1      68868.8843       898        0.4546       37.4452        0.0000
1      77693.9986       832        0.4965       37.4452        0.0000
1      86415.1281       736        0.5124       37.4452        0.0000
1      94862.9854       720        0.4852       37.4452        0.0000
1     103489.6963       660        0.4820       37.4452        0.0000
1     112053.8138       678        0.4828       37.4452        0.0000
1     120845.4000       576        0.4025       37.4452        0.0000
1     129388.0755       496        0.3133       37.4452        0.0000
1     137857.3141       432        0.2802       37.4452        0.0000
2       2288.4100        22        0.0391      127.4452        0.0000
2       5959.0227       350        0.2175      127.4452        0.0000
2      10937.9198       736        0.3655      127.4452        0.0000
2      16520.6623       708        0.5599      127.4452        0.0000
2      22354.8975       644        0.6623      127.4452        0.0000
2      28210.5421       582        0.8004      127.4452        0.0000
2      33855.0799       588        0.9752      127.4452        0.0000
2      39848.4946       510        1.0642      127.4452        0.0000
2      45364.0715       472        1.3096      127.4452        0.0000
2      51142.1466       466        1.3734      127.4452        0.0000
2      56775.4401       448        1.4663      127.4452        0.0000
2      62610.5116       380        1.4792      127.4452        0.0000
2      68151.7988       386        1.4978      127.4452        0.0000
2      73823.7439       332        1.4029      127.4452        0.0000
2      79687.1903       356        1.4335      127.4452        0.0000
2      85321.4358       292        1.1597      127.4452        0.0000
2      91067.2443       292        1.1592      127.4452        0.0000
2      96666.0997       292        0.8471      127.4452        0.0000
2     102271.9006       202        0.5415      127.4452        0.0000
2     108152.4012       224        0.5343      127.4452        0.0000
2     113569.5232       232        0.3029      127.4452        0.0000
2     119433.0075       194        0.3838      127.4452        0.0000
2     124914.2089       198        0.3951      127.4452        0.0000
2     131003.7989       198        0.4706      127.4452        0.0000
2     136425.8837       164        0.5434      127.4452        0.0000
